<?xml version="1.0" encoding="utf-8"?><testsuites name="pytest tests"><testsuite name="pytest" errors="0" failures="2" skipped="1" tests="96" time="27.471" timestamp="2026-05-07T19:54:07.277793+00:00" hostname="agent-env-cceda474-a21e-4671-9940-3de569faadf6"><testcase classname="tests.backend_test" name="test_health" time="0.162" /><testcase classname="tests.backend_test.TestAuth" name="test_register_already_exists" time="0.387" /><testcase classname="tests.backend_test.TestAuth" name="test_login_success" time="0.352" /><testcase classname="tests.backend_test.TestAuth" name="test_login_wrong_password" time="0.359" /><testcase classname="tests.backend_test.TestAuth" name="test_me_via_bearer" time="0.137" /><testcase classname="tests.backend_test.TestAuth" name="test_me_via_cookie" time="0.131" /><testcase classname="tests.backend_test.TestAuth" name="test_me_no_auth" time="0.129" /><testcase classname="tests.backend_test.TestAuth" name="test_logout_revokes_session" time="0.614" /><testcase classname="tests.backend_test.TestCaptures" name="test_create_capture_screenshot" time="0.334" /><testcase classname="tests.backend_test.TestCaptures" name="test_create_invalid_kind" time="0.122" /><testcase classname="tests.backend_test.TestCaptures" name="test_create_unauthenticated" time="0.122" /><testcase classname="tests.backend_test.TestCaptures" name="test_list_captures_only_own" time="0.594" /><testcase classname="tests.backend_test.TestCaptures" name="test_get_capture_by_id_self" time="0.125" /><testcase classname="tests.backend_test.TestCaptures" name="test_get_capture_other_user_404" time="0.135" /><testcase classname="tests.backend_test.TestCaptures" name="test_patch_capture" time="0.285" /><testcase classname="tests.backend_test.TestCaptures" name="test_serve_capture_file_auth" time="0.236" /><testcase classname="tests.backend_test.TestCaptures" name="test_serve_capture_file_unauth" time="0.121" /><testcase classname="tests.backend_test.TestShare" name="test_share_meta_no_auth" time="0.131" /><testcase classname="tests.backend_test.TestShare" name="test_share_file_no_auth" time="0.334" /><testcase classname="tests.backend_test.TestShare" name="test_share_invalid_token" time="0.102" /><testcase classname="tests.backend_test.TestAI" name="test_chat_text_only" time="1.928" /><testcase classname="tests.backend_test.TestAI" name="test_chat_with_image" time="2.474" /><testcase classname="tests.backend_test.TestAI" name="test_chat_history" time="0.134" /><testcase classname="tests.backend_test.TestZDelete" name="test_delete_capture" time="0.391" /><testcase classname="tests.test_iteration2.TestExtension" name="test_info_no_auth" time="0.120" /><testcase classname="tests.test_iteration2.TestExtension" name="test_download_zip" time="0.118" /><testcase classname="tests.test_iteration2.TestBilling" name="test_checkout_unauthenticated" time="0.121" /><testcase classname="tests.test_iteration2.TestBilling" name="test_checkout_unknown_tier" time="0.473" /><testcase classname="tests.test_iteration2.TestBilling" name="test_checkout_pro_success" time="0.639" /><testcase classname="tests.test_iteration2.TestBilling" name="test_checkout_status" time="0.337" /><testcase classname="tests.test_iteration2.TestBilling" name="test_checkout_status_unauth" time="0.105" /><testcase classname="tests.test_iteration2.TestBilling" name="test_checkout_status_nonexistent_returns_404" time="0.116" /><testcase classname="tests.test_iteration2.TestBilling" name="test_webhook_stripe_no_signature_returns_200_not_404" time="0.122" /><testcase classname="tests.test_iteration2.TestIntegrations" name="test_get_unauth" time="0.142" /><testcase classname="tests.test_iteration2.TestIntegrations" name="test_get_default_state" time="0.118" /><testcase classname="tests.test_iteration2.TestIntegrations" name="test_slack_invalid_url_rejected" time="0.130" /><testcase classname="tests.test_iteration2.TestIntegrations" name="test_slack_set_and_get" time="0.254" /><testcase classname="tests.test_iteration2.TestIntegrations" name="test_jira_set_and_get" time="0.273" /><testcase classname="tests.test_iteration2.TestIntegrations" name="test_jira_invalid_base_url" time="0.107" /><testcase classname="tests.test_iteration2.TestIntegrations" name="test_slack_via_cookie_auth" time="0.122" /><testcase classname="tests.test_iteration2.TestIntegrations" name="test_zz_delete_slack" time="0.256" /><testcase classname="tests.test_iteration2.TestIntegrations" name="test_zz_delete_jira" time="0.271" /><testcase classname="tests.test_iteration2.TestCapturePost" name="test_post_slack_not_connected" time="0.526" /><testcase classname="tests.test_iteration2.TestCapturePost" name="test_post_slack_other_users_capture_404" time="0.470" /><testcase classname="tests.test_iteration2.TestCapturePost" name="test_post_jira_not_connected" time="0.242" /><testcase classname="tests.test_iteration2.TestCapturePost" name="test_post_jira_other_users_capture_404" time="0.137" /><testcase classname="tests.test_iteration2.TestAIHistory" name="test_history_with_explicit_session_id" time="2.454" /><testcase classname="tests.test_iteration2.TestAIHistory" name="test_history_unauth" time="0.148" /><testcase classname="tests.test_iteration3.TestExtensionDownloadCleanup" name="test_download_zip_excludes_store_assets" time="0.145" /><testcase classname="tests.test_iteration3.TestListingAssets" name="test_listing_assets_no_auth_returns_5" time="0.120" /><testcase classname="tests.test_iteration3.TestListingAssets" name="test_listing_asset_serves_png" time="0.131" /><testcase classname="tests.test_iteration3.TestListingAssets" name="test_listing_asset_all_five" time="0.660" /><testcase classname="tests.test_iteration3.TestListingAssets" name="test_listing_asset_path_traversal_rejected" time="0.115" /><testcase classname="tests.test_iteration3.TestListingAssets" name="test_listing_asset_slash_rejected" time="0.123" /><testcase classname="tests.test_iteration3.TestListingAssets" name="test_listing_asset_missing_404" time="0.118" /><testcase classname="tests.test_iteration3.TestToGif" name="test_to_gif_for_recording" time="0.348"><skipped type="pytest.skip" message="ffmpeg not available locally">/app/backend/tests/test_iteration3.py:114: ffmpeg not available locally</skipped></testcase><testcase classname="tests.test_iteration3.TestToGif" name="test_to_gif_on_screenshot_returns_404" time="0.430"><failure message="assert 500 == 404&#10; +  where 500 = &lt;Response [500]&gt;.status_code">tests/test_iteration3.py:177: in test_to_gif_on_screenshot_returns_404
    assert r2.status_code == 404
E   assert 500 == 404
E    +  where 500 = &lt;Response [500]&gt;.status_code</failure></testcase><testcase classname="tests.test_iteration3.TestToGif" name="test_to_gif_nonexistent" time="0.114"><failure message="assert 500 == 404&#10; +  where 500 = &lt;Response [500]&gt;.status_code">tests/test_iteration3.py:182: in test_to_gif_nonexistent
    assert r.status_code == 404
E   assert 500 == 404
E    +  where 500 = &lt;Response [500]&gt;.status_code</failure></testcase><testcase classname="tests.test_iteration3.TestToGif" name="test_to_gif_unauth" time="0.120" /><testcase classname="tests.test_iteration3.TestStripeWebhookFallback" name="test_empty_body_returns_200_ok_false" time="0.120" /><testcase classname="tests.test_iteration3.TestPublicAppUrl" name="test_slack_error_does_not_leak_localhost_in_share" time="0.432" /><testcase classname="tests.test_iteration4.TestAnalyticsTrack" name="test_track_basic_no_auth" time="0.130" /><testcase classname="tests.test_iteration4.TestAnalyticsTrack" name="test_track_empty_event_rejected" time="0.123" /><testcase classname="tests.test_iteration4.TestAnalyticsTrack" name="test_track_missing_event_rejected" time="0.121" /><testcase classname="tests.test_iteration4.TestAnalyticsTrack" name="test_track_non_dict_rejected" time="0.127" /><testcase classname="tests.test_iteration4.TestAnalyticsTrack" name="test_track_invalid_json_rejected" time="0.133" /><testcase classname="tests.test_iteration4.TestAnalyticsTrack" name="test_track_long_fields_truncated_no_500" time="0.120" /><testcase classname="tests.test_iteration4.TestAnalyticsSummary" name="test_summary_requires_auth" time="0.121" /><testcase classname="tests.test_iteration4.TestAnalyticsSummary" name="test_summary_aggregates_unique_visitors" time="0.990" /><testcase classname="tests.test_iteration4.TestAnalyticsSummary" name="test_summary_unknown_variant_bucketed" time="0.241" /><testcase classname="tests.test_iteration4.TestExtensionManifestV102" name="test_version_is_1_0_2" time="0.130" /><testcase classname="tests.test_iteration4.TestExtensionManifestV102" name="test_permissions_has_notifications" time="0.000" /><testcase classname="tests.test_iteration4.TestExtensionManifestV102" name="test_permissions_no_tabCapture" time="0.000" /><testcase classname="tests.test_iteration4.TestExtensionManifestV102" name="test_optional_host_permissions_has_all_urls" time="0.000" /><testcase classname="tests.test_iteration4.TestExtensionManifestV102" name="test_host_permissions_tight" time="0.000" /><testcase classname="tests.test_iteration4.TestExtensionManifestV102" name="test_description_within_132_chars" time="0.000" /><testcase classname="tests.test_iteration4.TestExtensionManifestV102" name="test_extension_info_reports_v102" time="0.125" /><testcase classname="tests.test_iteration5.TestIndexes" name="test_analytics_events_ttl_90_days" time="0.004" /><testcase classname="tests.test_iteration5.TestIndexes" name="test_analytics_events_compound_event_variant" time="0.001" /><testcase classname="tests.test_iteration5.TestIndexes" name="test_analytics_rl_ttl_70_seconds" time="0.000" /><testcase classname="tests.test_iteration5.TestIndexes" name="test_analytics_rl_ip_index" time="0.000" /><testcase classname="tests.test_iteration5.TestRateLimitDBSeed" name="test_rate_limit_429_after_60_seeded" time="0.123" /><testcase classname="tests.test_iteration5.TestRateLimitDBSeed" name="test_track_under_limit_passes" time="0.129" /><testcase classname="tests.test_iteration5.TestRateLimitDBSeed" name="test_xff_first_ip_used_for_24_bucket" time="0.115" /><testcase classname="tests.test_iteration5.TestRateCheckUnit" name="test_rate_check_allows_then_blocks_with_low_limit" time="1.561" /><testcase classname="tests.test_iteration5.TestExtensionStoreId" name="test_get_store_id_no_auth_initial_unset" time="0.127" /><testcase classname="tests.test_iteration5.TestExtensionStoreId" name="test_put_store_id_requires_auth" time="0.120" /><testcase classname="tests.test_iteration5.TestExtensionStoreId" name="test_put_store_id_rejects_short" time="0.513" /><testcase classname="tests.test_iteration5.TestExtensionStoreId" name="test_put_store_id_rejects_uppercase_and_dashes" time="0.117" /><testcase classname="tests.test_iteration5.TestExtensionStoreId" name="test_put_store_id_rejects_33_chars" time="0.124" /><testcase classname="tests.test_iteration5.TestExtensionStoreId" name="test_put_store_id_rejects_chars_outside_a_to_p" time="0.127" /><testcase classname="tests.test_iteration5.TestExtensionStoreId" name="test_put_store_id_accepts_valid_and_persists" time="0.324" /><testcase classname="tests.test_iteration5.TestAnalyticsWinner" name="test_winner_requires_auth" time="0.127" /><testcase classname="tests.test_iteration5.TestAnalyticsWinner" name="test_winner_shape" time="0.140" /><testcase classname="tests.test_iteration5.TestAnalyticsWinner" name="test_winner_below_threshold_is_null" time="0.136" /><testcase classname="tests.test_iteration5.TestAnalyticsWinner" name="test_winner_detected_when_seeded_above_threshold" time="0.132" /></testsuite></testsuites>