<?xml version="1.0" encoding="utf-8"?><testsuites name="pytest tests"><testsuite name="pytest" errors="0" failures="1" skipped="0" tests="47" time="35.075" timestamp="2026-05-07T16:02:51.472275+00:00" hostname="agent-env-cceda474-a21e-4671-9940-3de569faadf6"><testcase classname="backend.tests.backend_test" name="test_health" time="0.147" /><testcase classname="backend.tests.backend_test.TestAuth" name="test_register_already_exists" time="0.334" /><testcase classname="backend.tests.backend_test.TestAuth" name="test_login_success" time="0.345" /><testcase classname="backend.tests.backend_test.TestAuth" name="test_login_wrong_password" time="0.351" /><testcase classname="backend.tests.backend_test.TestAuth" name="test_me_via_bearer" time="0.138" /><testcase classname="backend.tests.backend_test.TestAuth" name="test_me_via_cookie" time="0.114" /><testcase classname="backend.tests.backend_test.TestAuth" name="test_me_no_auth" time="0.113" /><testcase classname="backend.tests.backend_test.TestAuth" name="test_logout_revokes_session" time="0.544" /><testcase classname="backend.tests.backend_test.TestCaptures" name="test_create_capture_screenshot" time="0.389" /><testcase classname="backend.tests.backend_test.TestCaptures" name="test_create_invalid_kind" time="0.156" /><testcase classname="backend.tests.backend_test.TestCaptures" name="test_create_unauthenticated" time="0.131" /><testcase classname="backend.tests.backend_test.TestCaptures" name="test_list_captures_only_own" time="0.591" /><testcase classname="backend.tests.backend_test.TestCaptures" name="test_get_capture_by_id_self" time="0.120" /><testcase classname="backend.tests.backend_test.TestCaptures" name="test_get_capture_other_user_404" time="0.137" /><testcase classname="backend.tests.backend_test.TestCaptures" name="test_patch_capture" time="0.259" /><testcase classname="backend.tests.backend_test.TestCaptures" name="test_serve_capture_file_auth" time="0.246" /><testcase classname="backend.tests.backend_test.TestCaptures" name="test_serve_capture_file_unauth" time="0.144" /><testcase classname="backend.tests.backend_test.TestShare" name="test_share_meta_no_auth" time="0.126" /><testcase classname="backend.tests.backend_test.TestShare" name="test_share_file_no_auth" time="0.221" /><testcase classname="backend.tests.backend_test.TestShare" name="test_share_invalid_token" time="0.123" /><testcase classname="backend.tests.backend_test.TestAI" name="test_chat_text_only" time="1.896" /><testcase classname="backend.tests.backend_test.TestAI" name="test_chat_with_image" time="2.797" /><testcase classname="backend.tests.backend_test.TestAI" name="test_chat_history" time="0.144" /><testcase classname="backend.tests.backend_test.TestZDelete" name="test_delete_capture" time="0.365" /><testcase classname="backend.tests.test_iteration2.TestExtension" name="test_info_no_auth" time="0.138" /><testcase classname="backend.tests.test_iteration2.TestExtension" name="test_download_zip" time="0.137" /><testcase classname="backend.tests.test_iteration2.TestBilling" name="test_checkout_unauthenticated" time="0.164" /><testcase classname="backend.tests.test_iteration2.TestBilling" name="test_checkout_unknown_tier" time="0.491" /><testcase classname="backend.tests.test_iteration2.TestBilling" name="test_checkout_pro_success" time="0.571" /><testcase classname="backend.tests.test_iteration2.TestBilling" name="test_checkout_status" time="11.822"><failure message="AssertionError: {&quot;detail&quot;:&quot;Stripe error: Unexpected error retrieving session status: 1 validation error for CheckoutStatusResponse\nmetadata\n  Input should be a valid dictionary [type=dict_type, input_value=&lt;StripeObject at 0xff98e8...ud/api/webhook/stripe\&quot;\n}, input_type=StripeObject]\n    For further information visit https://errors.pydantic.dev/2.13/v/dict_type&quot;}&#10;assert 500 == 200&#10; +  where 500 = &lt;Response [500]&gt;.status_code">E   AssertionError: {"detail":"Stripe error: Unexpected error retrieving session status: 1 validation error for CheckoutStatusResponse\nmetadata\n  Input should be a valid dictionary [type=dict_type, input_value=&lt;StripeObject at 0xff98e8...ud/api/webhook/stripe\"\n}, input_type=StripeObject]\n    For further information visit https://errors.pydantic.dev/2.13/v/dict_type"}
    assert 500 == 200
     +  where 500 = &lt;Response [500]&gt;.status_code</failure></testcase><testcase classname="backend.tests.test_iteration2.TestBilling" name="test_checkout_status_unauth" time="0.160" /><testcase classname="backend.tests.test_iteration2.TestBilling" name="test_webhook_stripe_no_signature_returns_200_not_404" time="0.123" /><testcase classname="backend.tests.test_iteration2.TestIntegrations" name="test_get_unauth" time="0.136" /><testcase classname="backend.tests.test_iteration2.TestIntegrations" name="test_get_default_state" time="0.121" /><testcase classname="backend.tests.test_iteration2.TestIntegrations" name="test_slack_invalid_url_rejected" time="0.121" /><testcase classname="backend.tests.test_iteration2.TestIntegrations" name="test_slack_set_and_get" time="0.256" /><testcase classname="backend.tests.test_iteration2.TestIntegrations" name="test_jira_set_and_get" time="0.269" /><testcase classname="backend.tests.test_iteration2.TestIntegrations" name="test_jira_invalid_base_url" time="0.131" /><testcase classname="backend.tests.test_iteration2.TestIntegrations" name="test_slack_via_cookie_auth" time="0.141" /><testcase classname="backend.tests.test_iteration2.TestIntegrations" name="test_zz_delete_slack" time="0.289" /><testcase classname="backend.tests.test_iteration2.TestIntegrations" name="test_zz_delete_jira" time="1.284" /><testcase classname="backend.tests.test_iteration2.TestCapturePost" name="test_post_slack_not_connected" time="4.678" /><testcase classname="backend.tests.test_iteration2.TestCapturePost" name="test_post_slack_other_users_capture_404" time="0.502" /><testcase classname="backend.tests.test_iteration2.TestCapturePost" name="test_post_jira_not_connected" time="0.292" /><testcase classname="backend.tests.test_iteration2.TestCapturePost" name="test_post_jira_other_users_capture_404" time="0.119" /><testcase classname="backend.tests.test_iteration2.TestAIHistory" name="test_history_with_explicit_session_id" time="2.985" /><testcase classname="backend.tests.test_iteration2.TestAIHistory" name="test_history_unauth" time="0.119" /></testsuite></testsuites>