<?xml version="1.0" encoding="utf-8"?><testsuites name="pytest tests"><testsuite name="pytest" errors="0" failures="0" skipped="0" tests="48" time="17.275" timestamp="2026-05-07T17:56:47.803612+00:00" hostname="agent-env-cceda474-a21e-4671-9940-3de569faadf6"><testcase classname="backend.tests.backend_test" name="test_health" time="0.144" /><testcase classname="backend.tests.backend_test.TestAuth" name="test_register_already_exists" time="0.376" /><testcase classname="backend.tests.backend_test.TestAuth" name="test_login_success" time="0.337" /><testcase classname="backend.tests.backend_test.TestAuth" name="test_login_wrong_password" time="0.349" /><testcase classname="backend.tests.backend_test.TestAuth" name="test_me_via_bearer" time="0.127" /><testcase classname="backend.tests.backend_test.TestAuth" name="test_me_via_cookie" time="0.107" /><testcase classname="backend.tests.backend_test.TestAuth" name="test_me_no_auth" time="0.127" /><testcase classname="backend.tests.backend_test.TestAuth" name="test_logout_revokes_session" time="0.491" /><testcase classname="backend.tests.backend_test.TestCaptures" name="test_create_capture_screenshot" time="0.347" /><testcase classname="backend.tests.backend_test.TestCaptures" name="test_create_invalid_kind" time="0.130" /><testcase classname="backend.tests.backend_test.TestCaptures" name="test_create_unauthenticated" time="0.129" /><testcase classname="backend.tests.backend_test.TestCaptures" name="test_list_captures_only_own" time="0.624" /><testcase classname="backend.tests.backend_test.TestCaptures" name="test_get_capture_by_id_self" time="0.107" /><testcase classname="backend.tests.backend_test.TestCaptures" name="test_get_capture_other_user_404" time="0.212" /><testcase classname="backend.tests.backend_test.TestCaptures" name="test_patch_capture" time="0.244" /><testcase classname="backend.tests.backend_test.TestCaptures" name="test_serve_capture_file_auth" time="0.232" /><testcase classname="backend.tests.backend_test.TestCaptures" name="test_serve_capture_file_unauth" time="0.116" /><testcase classname="backend.tests.backend_test.TestShare" name="test_share_meta_no_auth" time="0.112" /><testcase classname="backend.tests.backend_test.TestShare" name="test_share_file_no_auth" time="0.234" /><testcase classname="backend.tests.backend_test.TestShare" name="test_share_invalid_token" time="0.135" /><testcase classname="backend.tests.backend_test.TestAI" name="test_chat_text_only" time="1.564" /><testcase classname="backend.tests.backend_test.TestAI" name="test_chat_with_image" time="2.293" /><testcase classname="backend.tests.backend_test.TestAI" name="test_chat_history" time="0.134" /><testcase classname="backend.tests.backend_test.TestZDelete" name="test_delete_capture" time="0.367" /><testcase classname="backend.tests.test_iteration2.TestExtension" name="test_info_no_auth" time="0.123" /><testcase classname="backend.tests.test_iteration2.TestExtension" name="test_download_zip" time="0.112" /><testcase classname="backend.tests.test_iteration2.TestBilling" name="test_checkout_unauthenticated" time="0.122" /><testcase classname="backend.tests.test_iteration2.TestBilling" name="test_checkout_unknown_tier" time="0.492" /><testcase classname="backend.tests.test_iteration2.TestBilling" name="test_checkout_pro_success" time="0.626" /><testcase classname="backend.tests.test_iteration2.TestBilling" name="test_checkout_status" time="0.374" /><testcase classname="backend.tests.test_iteration2.TestBilling" name="test_checkout_status_unauth" time="0.128" /><testcase classname="backend.tests.test_iteration2.TestBilling" name="test_checkout_status_nonexistent_returns_404" time="0.137" /><testcase classname="backend.tests.test_iteration2.TestBilling" name="test_webhook_stripe_no_signature_returns_200_not_404" time="0.129" /><testcase classname="backend.tests.test_iteration2.TestIntegrations" name="test_get_unauth" time="0.159" /><testcase classname="backend.tests.test_iteration2.TestIntegrations" name="test_get_default_state" time="0.122" /><testcase classname="backend.tests.test_iteration2.TestIntegrations" name="test_slack_invalid_url_rejected" time="0.136" /><testcase classname="backend.tests.test_iteration2.TestIntegrations" name="test_slack_set_and_get" time="0.258" /><testcase classname="backend.tests.test_iteration2.TestIntegrations" name="test_jira_set_and_get" time="0.236" /><testcase classname="backend.tests.test_iteration2.TestIntegrations" name="test_jira_invalid_base_url" time="0.134" /><testcase classname="backend.tests.test_iteration2.TestIntegrations" name="test_slack_via_cookie_auth" time="0.123" /><testcase classname="backend.tests.test_iteration2.TestIntegrations" name="test_zz_delete_slack" time="0.262" /><testcase classname="backend.tests.test_iteration2.TestIntegrations" name="test_zz_delete_jira" time="0.218" /><testcase classname="backend.tests.test_iteration2.TestCapturePost" name="test_post_slack_not_connected" time="0.559" /><testcase classname="backend.tests.test_iteration2.TestCapturePost" name="test_post_slack_other_users_capture_404" time="0.493" /><testcase classname="backend.tests.test_iteration2.TestCapturePost" name="test_post_jira_not_connected" time="0.255" /><testcase classname="backend.tests.test_iteration2.TestCapturePost" name="test_post_jira_other_users_capture_404" time="0.183" /><testcase classname="backend.tests.test_iteration2.TestAIHistory" name="test_history_with_explicit_session_id" time="2.621" /><testcase classname="backend.tests.test_iteration2.TestAIHistory" name="test_history_unauth" time="0.140" /></testsuite></testsuites>