<?xml version="1.0" encoding="utf-8"?><testsuites name="pytest tests"><testsuite name="pytest" errors="0" failures="0" skipped="0" tests="77" time="55.512" timestamp="2026-05-07T19:01:26.029653+00:00" hostname="agent-env-cceda474-a21e-4671-9940-3de569faadf6"><testcase classname="backend.tests.backend_test" name="test_health" time="0.175" /><testcase classname="backend.tests.backend_test.TestAuth" name="test_register_already_exists" time="0.383" /><testcase classname="backend.tests.backend_test.TestAuth" name="test_login_success" time="0.445" /><testcase classname="backend.tests.backend_test.TestAuth" name="test_login_wrong_password" time="0.375" /><testcase classname="backend.tests.backend_test.TestAuth" name="test_me_via_bearer" time="0.142" /><testcase classname="backend.tests.backend_test.TestAuth" name="test_me_via_cookie" time="0.146" /><testcase classname="backend.tests.backend_test.TestAuth" name="test_me_no_auth" time="0.178" /><testcase classname="backend.tests.backend_test.TestAuth" name="test_logout_revokes_session" time="0.554" /><testcase classname="backend.tests.backend_test.TestCaptures" name="test_create_capture_screenshot" time="0.346" /><testcase classname="backend.tests.backend_test.TestCaptures" name="test_create_invalid_kind" time="0.147" /><testcase classname="backend.tests.backend_test.TestCaptures" name="test_create_unauthenticated" time="0.132" /><testcase classname="backend.tests.backend_test.TestCaptures" name="test_list_captures_only_own" time="0.718" /><testcase classname="backend.tests.backend_test.TestCaptures" name="test_get_capture_by_id_self" time="0.137" /><testcase classname="backend.tests.backend_test.TestCaptures" name="test_get_capture_other_user_404" time="6.902" /><testcase classname="backend.tests.backend_test.TestCaptures" name="test_patch_capture" time="0.327" /><testcase classname="backend.tests.backend_test.TestCaptures" name="test_serve_capture_file_auth" time="19.592" /><testcase classname="backend.tests.backend_test.TestCaptures" name="test_serve_capture_file_unauth" time="0.190" /><testcase classname="backend.tests.backend_test.TestShare" name="test_share_meta_no_auth" time="0.124" /><testcase classname="backend.tests.backend_test.TestShare" name="test_share_file_no_auth" time="0.260" /><testcase classname="backend.tests.backend_test.TestShare" name="test_share_invalid_token" time="0.136" /><testcase classname="backend.tests.backend_test.TestAI" name="test_chat_text_only" time="2.012" /><testcase classname="backend.tests.backend_test.TestAI" name="test_chat_with_image" time="2.461" /><testcase classname="backend.tests.backend_test.TestAI" name="test_chat_history" time="0.156" /><testcase classname="backend.tests.backend_test.TestZDelete" name="test_delete_capture" time="0.450" /><testcase classname="backend.tests.test_iteration2.TestExtension" name="test_info_no_auth" time="0.386" /><testcase classname="backend.tests.test_iteration2.TestExtension" name="test_download_zip" time="0.171" /><testcase classname="backend.tests.test_iteration2.TestBilling" name="test_checkout_unauthenticated" time="0.163" /><testcase classname="backend.tests.test_iteration2.TestBilling" name="test_checkout_unknown_tier" time="0.539" /><testcase classname="backend.tests.test_iteration2.TestBilling" name="test_checkout_pro_success" time="0.648" /><testcase classname="backend.tests.test_iteration2.TestBilling" name="test_checkout_status" time="0.508" /><testcase classname="backend.tests.test_iteration2.TestBilling" name="test_checkout_status_unauth" time="0.150" /><testcase classname="backend.tests.test_iteration2.TestBilling" name="test_checkout_status_nonexistent_returns_404" time="0.180" /><testcase classname="backend.tests.test_iteration2.TestBilling" name="test_webhook_stripe_no_signature_returns_200_not_404" time="0.140" /><testcase classname="backend.tests.test_iteration2.TestIntegrations" name="test_get_unauth" time="0.134" /><testcase classname="backend.tests.test_iteration2.TestIntegrations" name="test_get_default_state" time="0.143" /><testcase classname="backend.tests.test_iteration2.TestIntegrations" name="test_slack_invalid_url_rejected" time="0.120" /><testcase classname="backend.tests.test_iteration2.TestIntegrations" name="test_slack_set_and_get" time="0.341" /><testcase classname="backend.tests.test_iteration2.TestIntegrations" name="test_jira_set_and_get" time="0.265" /><testcase classname="backend.tests.test_iteration2.TestIntegrations" name="test_jira_invalid_base_url" time="0.135" /><testcase classname="backend.tests.test_iteration2.TestIntegrations" name="test_slack_via_cookie_auth" time="0.142" /><testcase classname="backend.tests.test_iteration2.TestIntegrations" name="test_zz_delete_slack" time="0.299" /><testcase classname="backend.tests.test_iteration2.TestIntegrations" name="test_zz_delete_jira" time="0.286" /><testcase classname="backend.tests.test_iteration2.TestCapturePost" name="test_post_slack_not_connected" time="0.549" /><testcase classname="backend.tests.test_iteration2.TestCapturePost" name="test_post_slack_other_users_capture_404" time="0.534" /><testcase classname="backend.tests.test_iteration2.TestCapturePost" name="test_post_jira_not_connected" time="0.285" /><testcase classname="backend.tests.test_iteration2.TestCapturePost" name="test_post_jira_other_users_capture_404" time="0.140" /><testcase classname="backend.tests.test_iteration2.TestAIHistory" name="test_history_with_explicit_session_id" time="3.314" /><testcase classname="backend.tests.test_iteration2.TestAIHistory" name="test_history_unauth" time="0.196" /><testcase classname="backend.tests.test_iteration3.TestExtensionDownloadCleanup" name="test_download_zip_excludes_store_assets" time="0.146" /><testcase classname="backend.tests.test_iteration3.TestListingAssets" name="test_listing_assets_no_auth_returns_5" time="0.154" /><testcase classname="backend.tests.test_iteration3.TestListingAssets" name="test_listing_asset_serves_png" time="0.141" /><testcase classname="backend.tests.test_iteration3.TestListingAssets" name="test_listing_asset_all_five" time="0.752" /><testcase classname="backend.tests.test_iteration3.TestListingAssets" name="test_listing_asset_path_traversal_rejected" time="0.148" /><testcase classname="backend.tests.test_iteration3.TestListingAssets" name="test_listing_asset_slash_rejected" time="0.125" /><testcase classname="backend.tests.test_iteration3.TestListingAssets" name="test_listing_asset_missing_404" time="0.139" /><testcase classname="backend.tests.test_iteration3.TestToGif" name="test_to_gif_for_recording" time="2.636" /><testcase classname="backend.tests.test_iteration3.TestToGif" name="test_to_gif_on_screenshot_returns_404" time="0.418" /><testcase classname="backend.tests.test_iteration3.TestToGif" name="test_to_gif_nonexistent" time="0.186" /><testcase classname="backend.tests.test_iteration3.TestToGif" name="test_to_gif_unauth" time="0.181" /><testcase classname="backend.tests.test_iteration3.TestStripeWebhookFallback" name="test_empty_body_returns_200_ok_false" time="0.151" /><testcase classname="backend.tests.test_iteration3.TestPublicAppUrl" name="test_slack_error_does_not_leak_localhost_in_share" time="0.395" /><testcase classname="backend.tests.test_iteration4.TestAnalyticsTrack" name="test_track_basic_no_auth" time="0.135" /><testcase classname="backend.tests.test_iteration4.TestAnalyticsTrack" name="test_track_empty_event_rejected" time="0.157" /><testcase classname="backend.tests.test_iteration4.TestAnalyticsTrack" name="test_track_missing_event_rejected" time="0.142" /><testcase classname="backend.tests.test_iteration4.TestAnalyticsTrack" name="test_track_non_dict_rejected" time="0.154" /><testcase classname="backend.tests.test_iteration4.TestAnalyticsTrack" name="test_track_invalid_json_rejected" time="0.162" /><testcase classname="backend.tests.test_iteration4.TestAnalyticsTrack" name="test_track_long_fields_truncated_no_500" time="0.155" /><testcase classname="backend.tests.test_iteration4.TestAnalyticsSummary" name="test_summary_requires_auth" time="0.183" /><testcase classname="backend.tests.test_iteration4.TestAnalyticsSummary" name="test_summary_aggregates_unique_visitors" time="1.439" /><testcase classname="backend.tests.test_iteration4.TestAnalyticsSummary" name="test_summary_unknown_variant_bucketed" time="0.298" /><testcase classname="backend.tests.test_iteration4.TestExtensionManifestV102" name="test_version_is_1_0_2" time="0.553" /><testcase classname="backend.tests.test_iteration4.TestExtensionManifestV102" name="test_permissions_has_notifications" time="0.000" /><testcase classname="backend.tests.test_iteration4.TestExtensionManifestV102" name="test_permissions_no_tabCapture" time="0.000" /><testcase classname="backend.tests.test_iteration4.TestExtensionManifestV102" name="test_optional_host_permissions_has_all_urls" time="0.000" /><testcase classname="backend.tests.test_iteration4.TestExtensionManifestV102" name="test_host_permissions_tight" time="0.000" /><testcase classname="backend.tests.test_iteration4.TestExtensionManifestV102" name="test_description_within_132_chars" time="0.000" /><testcase classname="backend.tests.test_iteration4.TestExtensionManifestV102" name="test_extension_info_reports_v102" time="0.177" /></testsuite></testsuites>