<?xml version="1.0" encoding="utf-8"?><testsuites name="pytest tests"><testsuite name="pytest" errors="0" failures="0" skipped="0" tests="13" time="5.252" timestamp="2026-05-07T17:56:33.925791+00:00" hostname="agent-env-cceda474-a21e-4671-9940-3de569faadf6"><testcase classname="backend.tests.test_iteration3.TestExtensionDownloadCleanup" name="test_download_zip_excludes_store_assets" time="0.248" /><testcase classname="backend.tests.test_iteration3.TestListingAssets" name="test_listing_assets_no_auth_returns_5" time="0.130" /><testcase classname="backend.tests.test_iteration3.TestListingAssets" name="test_listing_asset_serves_png" time="0.117" /><testcase classname="backend.tests.test_iteration3.TestListingAssets" name="test_listing_asset_all_five" time="0.657" /><testcase classname="backend.tests.test_iteration3.TestListingAssets" name="test_listing_asset_path_traversal_rejected" time="0.116" /><testcase classname="backend.tests.test_iteration3.TestListingAssets" name="test_listing_asset_slash_rejected" time="0.109" /><testcase classname="backend.tests.test_iteration3.TestListingAssets" name="test_listing_asset_missing_404" time="0.136" /><testcase classname="backend.tests.test_iteration3.TestToGif" name="test_to_gif_for_recording" time="2.432" /><testcase classname="backend.tests.test_iteration3.TestToGif" name="test_to_gif_on_screenshot_returns_404" time="0.379" /><testcase classname="backend.tests.test_iteration3.TestToGif" name="test_to_gif_nonexistent" time="0.135" /><testcase classname="backend.tests.test_iteration3.TestToGif" name="test_to_gif_unauth" time="0.117" /><testcase classname="backend.tests.test_iteration3.TestStripeWebhookFallback" name="test_empty_body_returns_200_ok_false" time="0.159" /><testcase classname="backend.tests.test_iteration3.TestPublicAppUrl" name="test_slack_error_does_not_leak_localhost_in_share" time="0.432" /></testsuite></testsuites>