<?xml version="1.0" encoding="utf-8"?><testsuites name="pytest tests"><testsuite name="pytest" errors="0" failures="1" skipped="0" tests="23" time="24.661" timestamp="2026-05-07T16:02:09.005867+00:00" hostname="agent-env-cceda474-a21e-4671-9940-3de569faadf6"><testcase classname="backend.tests.test_iteration2.TestExtension" name="test_info_no_auth" time="0.122" /><testcase classname="backend.tests.test_iteration2.TestExtension" name="test_download_zip" time="0.135" /><testcase classname="backend.tests.test_iteration2.TestBilling" name="test_checkout_unauthenticated" time="0.115" /><testcase classname="backend.tests.test_iteration2.TestBilling" name="test_checkout_unknown_tier" time="0.520" /><testcase classname="backend.tests.test_iteration2.TestBilling" name="test_checkout_pro_success" time="0.718" /><testcase classname="backend.tests.test_iteration2.TestBilling" name="test_checkout_status" time="11.635"><failure message="AssertionError: {&quot;detail&quot;:&quot;Stripe error: Unexpected error retrieving session status: 1 validation error for CheckoutStatusResponse\nmetadata\n  Input should be a valid dictionary [type=dict_type, input_value=&lt;StripeObject at 0xff98e9...ud/api/webhook/stripe\&quot;\n}, input_type=StripeObject]\n    For further information visit https://errors.pydantic.dev/2.13/v/dict_type&quot;}&#10;assert 500 == 200&#10; +  where 500 = &lt;Response [500]&gt;.status_code">backend/tests/test_iteration2.py:139: in test_checkout_status
    assert r.status_code == 200, r.text
E   AssertionError: {"detail":"Stripe error: Unexpected error retrieving session status: 1 validation error for CheckoutStatusResponse\nmetadata\n  Input should be a valid dictionary [type=dict_type, input_value=&lt;StripeObject at 0xff98e9...ud/api/webhook/stripe\"\n}, input_type=StripeObject]\n    For further information visit https://errors.pydantic.dev/2.13/v/dict_type"}
E   assert 500 == 200
E    +  where 500 = &lt;Response [500]&gt;.status_code</failure></testcase><testcase classname="backend.tests.test_iteration2.TestBilling" name="test_checkout_status_unauth" time="0.162" /><testcase classname="backend.tests.test_iteration2.TestBilling" name="test_webhook_stripe_no_signature_returns_200_not_404" time="0.107" /><testcase classname="backend.tests.test_iteration2.TestIntegrations" name="test_get_unauth" time="0.118" /><testcase classname="backend.tests.test_iteration2.TestIntegrations" name="test_get_default_state" time="0.110" /><testcase classname="backend.tests.test_iteration2.TestIntegrations" name="test_slack_invalid_url_rejected" time="0.108" /><testcase classname="backend.tests.test_iteration2.TestIntegrations" name="test_slack_set_and_get" time="0.287" /><testcase classname="backend.tests.test_iteration2.TestIntegrations" name="test_jira_set_and_get" time="0.275" /><testcase classname="backend.tests.test_iteration2.TestIntegrations" name="test_jira_invalid_base_url" time="0.109" /><testcase classname="backend.tests.test_iteration2.TestIntegrations" name="test_slack_via_cookie_auth" time="0.099" /><testcase classname="backend.tests.test_iteration2.TestIntegrations" name="test_zz_delete_slack" time="0.254" /><testcase classname="backend.tests.test_iteration2.TestIntegrations" name="test_zz_delete_jira" time="0.220" /><testcase classname="backend.tests.test_iteration2.TestCapturePost" name="test_post_slack_not_connected" time="1.741" /><testcase classname="backend.tests.test_iteration2.TestCapturePost" name="test_post_slack_other_users_capture_404" time="0.892" /><testcase classname="backend.tests.test_iteration2.TestCapturePost" name="test_post_jira_not_connected" time="0.631" /><testcase classname="backend.tests.test_iteration2.TestCapturePost" name="test_post_jira_other_users_capture_404" time="0.362" /><testcase classname="backend.tests.test_iteration2.TestAIHistory" name="test_history_with_explicit_session_id" time="5.503" /><testcase classname="backend.tests.test_iteration2.TestAIHistory" name="test_history_unauth" time="0.346" /></testsuite></testsuites>