<?xml version="1.0" encoding="utf-8"?><testsuites name="pytest tests"><testsuite name="pytest" errors="0" failures="0" skipped="0" tests="19" time="4.252" timestamp="2026-05-07T19:53:57.923888+00:00" hostname="agent-env-cceda474-a21e-4671-9940-3de569faadf6"><testcase classname="tests.test_iteration5.TestIndexes" name="test_analytics_events_ttl_90_days" time="0.005" /><testcase classname="tests.test_iteration5.TestIndexes" name="test_analytics_events_compound_event_variant" time="0.001" /><testcase classname="tests.test_iteration5.TestIndexes" name="test_analytics_rl_ttl_70_seconds" time="0.001" /><testcase classname="tests.test_iteration5.TestIndexes" name="test_analytics_rl_ip_index" time="0.000" /><testcase classname="tests.test_iteration5.TestRateLimitDBSeed" name="test_rate_limit_429_after_60_seeded" time="0.222" /><testcase classname="tests.test_iteration5.TestRateLimitDBSeed" name="test_track_under_limit_passes" time="0.132" /><testcase classname="tests.test_iteration5.TestRateLimitDBSeed" name="test_xff_first_ip_used_for_24_bucket" time="0.148" /><testcase classname="tests.test_iteration5.TestRateCheckUnit" name="test_rate_check_allows_then_blocks_with_low_limit" time="1.520" /><testcase classname="tests.test_iteration5.TestExtensionStoreId" name="test_get_store_id_no_auth_initial_unset" time="0.132" /><testcase classname="tests.test_iteration5.TestExtensionStoreId" name="test_put_store_id_requires_auth" time="0.168" /><testcase classname="tests.test_iteration5.TestExtensionStoreId" name="test_put_store_id_rejects_short" time="0.523" /><testcase classname="tests.test_iteration5.TestExtensionStoreId" name="test_put_store_id_rejects_uppercase_and_dashes" time="0.151" /><testcase classname="tests.test_iteration5.TestExtensionStoreId" name="test_put_store_id_rejects_33_chars" time="0.121" /><testcase classname="tests.test_iteration5.TestExtensionStoreId" name="test_put_store_id_rejects_chars_outside_a_to_p" time="0.122" /><testcase classname="tests.test_iteration5.TestExtensionStoreId" name="test_put_store_id_accepts_valid_and_persists" time="0.269" /><testcase classname="tests.test_iteration5.TestAnalyticsWinner" name="test_winner_requires_auth" time="0.129" /><testcase classname="tests.test_iteration5.TestAnalyticsWinner" name="test_winner_shape" time="0.175" /><testcase classname="tests.test_iteration5.TestAnalyticsWinner" name="test_winner_below_threshold_is_null" time="0.137" /><testcase classname="tests.test_iteration5.TestAnalyticsWinner" name="test_winner_detected_when_seeded_above_threshold" time="0.148" /></testsuite></testsuites>