<?xml version="1.0" encoding="utf-8"?><testsuites name="pytest tests"><testsuite name="pytest" errors="0" failures="0" skipped="0" tests="16" time="3.178" timestamp="2026-05-07T19:01:18.775301+00:00" hostname="agent-env-cceda474-a21e-4671-9940-3de569faadf6"><testcase classname="backend.tests.test_iteration4.TestAnalyticsTrack" name="test_track_basic_no_auth" time="0.243" /><testcase classname="backend.tests.test_iteration4.TestAnalyticsTrack" name="test_track_empty_event_rejected" time="0.209" /><testcase classname="backend.tests.test_iteration4.TestAnalyticsTrack" name="test_track_missing_event_rejected" time="0.194" /><testcase classname="backend.tests.test_iteration4.TestAnalyticsTrack" name="test_track_non_dict_rejected" time="0.151" /><testcase classname="backend.tests.test_iteration4.TestAnalyticsTrack" name="test_track_invalid_json_rejected" time="0.172" /><testcase classname="backend.tests.test_iteration4.TestAnalyticsTrack" name="test_track_long_fields_truncated_no_500" time="0.178" /><testcase classname="backend.tests.test_iteration4.TestAnalyticsSummary" name="test_summary_requires_auth" time="0.141" /><testcase classname="backend.tests.test_iteration4.TestAnalyticsSummary" name="test_summary_aggregates_unique_visitors" time="1.239" /><testcase classname="backend.tests.test_iteration4.TestAnalyticsSummary" name="test_summary_unknown_variant_bucketed" time="0.267" /><testcase classname="backend.tests.test_iteration4.TestExtensionManifestV102" name="test_version_is_1_0_2" time="0.134" /><testcase classname="backend.tests.test_iteration4.TestExtensionManifestV102" name="test_permissions_has_notifications" time="0.000" /><testcase classname="backend.tests.test_iteration4.TestExtensionManifestV102" name="test_permissions_no_tabCapture" time="0.000" /><testcase classname="backend.tests.test_iteration4.TestExtensionManifestV102" name="test_optional_host_permissions_has_all_urls" time="0.000" /><testcase classname="backend.tests.test_iteration4.TestExtensionManifestV102" name="test_host_permissions_tight" time="0.000" /><testcase classname="backend.tests.test_iteration4.TestExtensionManifestV102" name="test_description_within_132_chars" time="0.000" /><testcase classname="backend.tests.test_iteration4.TestExtensionManifestV102" name="test_extension_info_reports_v102" time="0.171" /></testsuite></testsuites>