<?xml version="1.0" encoding="utf-8"?><testsuites name="pytest tests"><testsuite name="pytest" errors="0" failures="1" skipped="0" tests="23" time="8.319" timestamp="2026-05-07T16:08:13.041696+00:00" hostname="agent-env-cceda474-a21e-4671-9940-3de569faadf6"><testcase classname="backend.tests.test_iteration2.TestExtension" name="test_info_no_auth" time="0.243" /><testcase classname="backend.tests.test_iteration2.TestExtension" name="test_download_zip" time="0.190" /><testcase classname="backend.tests.test_iteration2.TestBilling" name="test_checkout_unauthenticated" time="0.210" /><testcase classname="backend.tests.test_iteration2.TestBilling" name="test_checkout_unknown_tier" time="0.500" /><testcase classname="backend.tests.test_iteration2.TestBilling" name="test_checkout_pro_success" time="0.538" /><testcase classname="backend.tests.test_iteration2.TestBilling" name="test_checkout_status" time="0.341"><failure message="AssertionError: assert 'initiated' in ('unpaid', 'no_payment_required', 'paid')">backend/tests/test_iteration2.py:145: in test_checkout_status
    assert body["payment_status"] in ("unpaid", "no_payment_required", "paid")
E   AssertionError: assert 'initiated' in ('unpaid', 'no_payment_required', 'paid')</failure></testcase><testcase classname="backend.tests.test_iteration2.TestBilling" name="test_checkout_status_unauth" time="0.122" /><testcase classname="backend.tests.test_iteration2.TestBilling" name="test_webhook_stripe_no_signature_returns_200_not_404" time="0.117" /><testcase classname="backend.tests.test_iteration2.TestIntegrations" name="test_get_unauth" time="0.114" /><testcase classname="backend.tests.test_iteration2.TestIntegrations" name="test_get_default_state" time="0.122" /><testcase classname="backend.tests.test_iteration2.TestIntegrations" name="test_slack_invalid_url_rejected" time="0.136" /><testcase classname="backend.tests.test_iteration2.TestIntegrations" name="test_slack_set_and_get" time="0.276" /><testcase classname="backend.tests.test_iteration2.TestIntegrations" name="test_jira_set_and_get" time="0.331" /><testcase classname="backend.tests.test_iteration2.TestIntegrations" name="test_jira_invalid_base_url" time="0.131" /><testcase classname="backend.tests.test_iteration2.TestIntegrations" name="test_slack_via_cookie_auth" time="0.148" /><testcase classname="backend.tests.test_iteration2.TestIntegrations" name="test_zz_delete_slack" time="0.307" /><testcase classname="backend.tests.test_iteration2.TestIntegrations" name="test_zz_delete_jira" time="0.276" /><testcase classname="backend.tests.test_iteration2.TestCapturePost" name="test_post_slack_not_connected" time="0.639" /><testcase classname="backend.tests.test_iteration2.TestCapturePost" name="test_post_slack_other_users_capture_404" time="0.560" /><testcase classname="backend.tests.test_iteration2.TestCapturePost" name="test_post_jira_not_connected" time="0.285" /><testcase classname="backend.tests.test_iteration2.TestCapturePost" name="test_post_jira_other_users_capture_404" time="0.153" /><testcase classname="backend.tests.test_iteration2.TestAIHistory" name="test_history_with_explicit_session_id" time="2.350" /><testcase classname="backend.tests.test_iteration2.TestAIHistory" name="test_history_unauth" time="0.145" /></testsuite></testsuites>