<?xml version="1.0" encoding="utf-8"?><testsuites name="pytest tests"><testsuite name="pytest" errors="0" failures="0" skipped="0" tests="24" time="10.053" timestamp="2026-05-07T15:19:47.647325+00:00" hostname="agent-env-cceda474-a21e-4671-9940-3de569faadf6"><testcase classname="backend.tests.backend_test" name="test_health" time="0.265" /><testcase classname="backend.tests.backend_test.TestAuth" name="test_register_already_exists" time="0.387" /><testcase classname="backend.tests.backend_test.TestAuth" name="test_login_success" time="0.349" /><testcase classname="backend.tests.backend_test.TestAuth" name="test_login_wrong_password" time="0.350" /><testcase classname="backend.tests.backend_test.TestAuth" name="test_me_via_bearer" time="0.164" /><testcase classname="backend.tests.backend_test.TestAuth" name="test_me_via_cookie" time="0.152" /><testcase classname="backend.tests.backend_test.TestAuth" name="test_me_no_auth" time="0.115" /><testcase classname="backend.tests.backend_test.TestAuth" name="test_logout_revokes_session" time="0.553" /><testcase classname="backend.tests.backend_test.TestCaptures" name="test_create_capture_screenshot" time="0.347" /><testcase classname="backend.tests.backend_test.TestCaptures" name="test_create_invalid_kind" time="0.148" /><testcase classname="backend.tests.backend_test.TestCaptures" name="test_create_unauthenticated" time="0.127" /><testcase classname="backend.tests.backend_test.TestCaptures" name="test_list_captures_only_own" time="0.666" /><testcase classname="backend.tests.backend_test.TestCaptures" name="test_get_capture_by_id_self" time="0.124" /><testcase classname="backend.tests.backend_test.TestCaptures" name="test_get_capture_other_user_404" time="0.167" /><testcase classname="backend.tests.backend_test.TestCaptures" name="test_patch_capture" time="0.294" /><testcase classname="backend.tests.backend_test.TestCaptures" name="test_serve_capture_file_auth" time="0.235" /><testcase classname="backend.tests.backend_test.TestCaptures" name="test_serve_capture_file_unauth" time="0.137" /><testcase classname="backend.tests.backend_test.TestShare" name="test_share_meta_no_auth" time="0.152" /><testcase classname="backend.tests.backend_test.TestShare" name="test_share_file_no_auth" time="0.211" /><testcase classname="backend.tests.backend_test.TestShare" name="test_share_invalid_token" time="0.154" /><testcase classname="backend.tests.backend_test.TestAI" name="test_chat_text_only" time="2.227" /><testcase classname="backend.tests.backend_test.TestAI" name="test_chat_with_image" time="2.107" /><testcase classname="backend.tests.backend_test.TestAI" name="test_chat_history" time="0.125" /><testcase classname="backend.tests.backend_test.TestZDelete" name="test_delete_capture" time="0.381" /></testsuite></testsuites>